<?xml version="1.0" encoding="UTF-8"?>
<!-- Generated by org.testng.reporters.JUnitReportReporter -->
<testsuite skipped="0" hostname="JWS-105-nasir-pranay" name="Framework.frontEndLoginTest" tests="1" failures="0" timestamp="2020-05-11T13:51:34 IST" time="26.952" errors="0">
  <testcase name="frontEndLogin" time="26.952" classname="Framework.frontEndLoginTest"/>
  <system-out/>
</testsuite> <!-- Framework.frontEndLoginTest -->
