<?xml version="1.0" encoding="UTF-8"?>
<!-- Generated by org.testng.reporters.JUnitReportReporter -->
<testsuite hostname="DESKTOP-ENR6CMC" failures="0" tests="1" name="Framework.backendLoginTest" time="42.236" errors="0" timestamp="2020-05-20T15:49:32 IST" skipped="0">
  <testcase classname="Framework.backendLoginTest" name="backendLogin" time="42.236"/>
  <system-out/>
</testsuite> <!-- Framework.backendLoginTest -->
