<?xml version="1.0" encoding="UTF-8"?>
<!-- Generated by org.testng.reporters.JUnitReportReporter -->
<testsuite skipped="0" hostname="JWS-105-nasir-pranay" name="Framework.backendLoginTest" tests="1" failures="0" timestamp="2020-05-11T13:51:34 IST" time="30.309" errors="0">
  <testcase name="backendLogin" time="30.309" classname="Framework.backendLoginTest"/>
  <system-out/>
</testsuite> <!-- Framework.backendLoginTest -->
